irun(64): 15.20-s051: (c) Copyright 1995-2018 Cadence Design Systems, Inc.
TOOL:	irun(64)	15.20-s051: Started on Apr 04, 2022 at 16:53:47 IST
irun
	-access +rwc
	nor_gate_tb.v
file: nor_gate_tb.v
	module worklib.nor_gate_tb:v
		errors: 0, warnings: 0
	module worklib.nor_gate:v
		errors: 0, warnings: 0
		Caching library 'worklib' ....... Done
	Elaborating the design hierarchy:
	Top level design units:
		nor_gate_tb
	Building instance overlay tables: .................... Done
	Generating native compiled code:
		worklib.nor_gate:v <0x1b55b15b>
			streams:   0, words:     0
		worklib.nor_gate_tb:v <0x2b36d49f>
			streams:   4, words:  4766
	Building instance specific data structures.
	Loading native compiled code:     .................... Done
	Design hierarchy summary:
		             Instances  Unique
		Modules:             2       2
		Registers:           2       2
		Scalar wires:        3       -
		Initial blocks:      1       1
		Cont. assignments:   0       1
		Pseudo assignments:  2       2
	Writing initial simulation snapshot: worklib.nor_gate_tb:v
Loading snapshot worklib.nor_gate_tb:v .................... Done
ncsim> source /cad_area/install/INCISIVE152/tools/inca/files/ncsimrc
ncsim> run
a=0 b=0 c=1
a=0 b=1 c=0
a=1 b=0 c=0
a=1 b=1 c=0
ncsim: *W,RNQUIE: Simulation is complete.
ncsim> exit
TOOL:	irun(64)	15.20-s051: Exiting on Apr 04, 2022 at 16:53:48 IST  (total: 00:00:01)
