irun(64): 15.20-s051: (c) Copyright 1995-2018 Cadence Design Systems, Inc.
TOOL:	irun(64)	15.20-s051: Started on Apr 04, 2022 at 16:16:29 IST
irun
	-access +rwc
	pipe2_test.v
	pipe_ex2.v
Loading snapshot worklib.pipe2_test:v .................... Done
ncsim> source /cad_area/install/INCISIVE152/tools/inca/files/ncsimrc
ncsim> run
Time:   0, F =   x
Time:  27, F =   8
Time:  47, F =  24
Time:  67, F =   3
Time:  87, F =  14
Time: 107, F =   3
Time: 127, F =  38
mem[125] =   8
mem[126] =  24
mem[127] =  14
mem[128] =   3
mem[129] =   3
mem[130] =  38
Simulation complete via $finish(1) at time 300 NS + 0
./pipe2_test.v:38 #300 $finish;
ncsim> exit
TOOL:	irun(64)	15.20-s051: Exiting on Apr 04, 2022 at 16:16:30 IST  (total: 00:00:01)
